This is pdfTeX, Version 3.141592653-2.6-1.40.25 (MiKTeX 24.1) (preloaded format=pdflatex 2024.5.1)  14 JUN 2024 16:42
entering extended mode
 restricted \write18 enabled.
 %&-line parsing enabled.
**./DrivergeneNet_for_identification_of_driver_nodes.tex
(DrivergeneNet_for_identification_of_driver_nodes.tex
LaTeX2e <2023-11-01> patch level 1
L3 programming layer <2024-01-04>
(C:\Program Files\MiKTeX\tex/latex/elsarticle\elsarticle.cls
Document Class: elsarticle 2024/04/04, 3.4: Elsevier Ltd
(C:\Program Files\MiKTeX\tex/latex/base\fontenc.sty
Package: fontenc 2021/04/29 v2.0v Standard LaTeX package
)
(C:\Program Files\MiKTeX\tex/latex/l3kernel\expl3.sty
Package: expl3 2024-01-04 L3 programming layer (loader) 

(C:\Program Files\MiKTeX\tex/latex/l3backend\l3backend-pdftex.def
File: l3backend-pdftex.def 2024-01-04 L3 backend support: PDF output (pdfTeX)
\l__color_backend_stack_int=\count187
\l__pdf_internal_box=\box51
))
(C:\Program Files\MiKTeX\tex/latex/l3packages/xparse\xparse.sty
Package: xparse 2023-10-10 L3 Experimental document command parser
)
(C:\Program Files\MiKTeX\tex/latex/etoolbox\etoolbox.sty
Package: etoolbox 2020/10/05 v2.5k e-TeX tools for LaTeX (JAW)
\etb@tempcnta=\count188
)
\@bls=\dimen140

(C:\Program Files\MiKTeX\tex/latex/base\article.cls
Document Class: article 2023/05/17 v1.4n Standard LaTeX document class
(C:\Program Files\MiKTeX\tex/latex/base\size12.clo
File: size12.clo 2023/05/17 v1.4n Standard LaTeX file (size option)
)
\c@part=\count189
\c@section=\count190
\c@subsection=\count191
\c@subsubsection=\count192
\c@paragraph=\count193
\c@subparagraph=\count194
\c@figure=\count195
\c@table=\count196
\abovecaptionskip=\skip48
\belowcaptionskip=\skip49
\bibindent=\dimen141
)
(C:\Program Files\MiKTeX\tex/latex/graphics\graphicx.sty
Package: graphicx 2021/09/16 v1.2d Enhanced LaTeX Graphics (DPC,SPQR)

(C:\Program Files\MiKTeX\tex/latex/graphics\keyval.sty
Package: keyval 2022/05/29 v1.15 key=value parser (DPC)
\KV@toks@=\toks17
)
(C:\Program Files\MiKTeX\tex/latex/graphics\graphics.sty
Package: graphics 2022/03/10 v1.4e Standard LaTeX Graphics (DPC,SPQR)

(C:\Program Files\MiKTeX\tex/latex/graphics\trig.sty
Package: trig 2021/08/11 v1.11 sin cos tan (DPC)
)
(C:\Program Files\MiKTeX\tex/latex/graphics-cfg\graphics.cfg
File: graphics.cfg 2016/06/04 v1.11 sample graphics configuration
)
Package graphics Info: Driver file: pdftex.def on input line 107.

(C:\Program Files\MiKTeX\tex/latex/graphics-def\pdftex.def
File: pdftex.def 2022/09/22 v1.2b Graphics/color driver for pdftex
))
\Gin@req@height=\dimen142
\Gin@req@width=\dimen143
)
\c@tnote=\count197
\c@fnote=\count198
\c@cnote=\count199
\c@ead=\count266
\c@author=\count267
\@eadauthor=\toks18
\c@affn=\count268
\absbox=\box52
\elsarticlehighlightsbox=\box53
\elsarticlegrabsbox=\box54
\keybox=\box55
\Columnwidth=\dimen144
\space@left=\dimen145
\els@boxa=\box56
\els@boxb=\box57
\leftMargin=\dimen146
\@enLab=\toks19
\@sep=\skip50
\@@sep=\skip51

(DrivergeneNet_for_identification_of_driver_nodes.spl)
(C:\Program Files\MiKTeX\tex/latex/natbib\natbib.sty
Package: natbib 2010/09/13 8.31b (PWD, AO)
\bibhang=\skip52
\bibsep=\skip53
LaTeX Info: Redefining \cite on input line 694.
\c@NAT@ctr=\count269
)
\splwrite=\write3
\openout3 = `DrivergeneNet_for_identification_of_driver_nodes.spl'.


(C:\Program Files\MiKTeX\tex/latex/geometry\geometry.sty
Package: geometry 2020/01/02 v5.9 Page Geometry

(C:\Program Files\MiKTeX\tex/generic/iftex\ifvtex.sty
Package: ifvtex 2019/10/25 v1.7 ifvtex legacy package. Use iftex instead.

(C:\Program Files\MiKTeX\tex/generic/iftex\iftex.sty
Package: iftex 2022/02/03 v1.0f TeX engine tests
))
\Gm@cnth=\count270
\Gm@cntv=\count271
\c@Gm@tempcnt=\count272
\Gm@bindingoffset=\dimen147
\Gm@wd@mp=\dimen148
\Gm@odd@mp=\dimen149
\Gm@even@mp=\dimen150
\Gm@layoutwidth=\dimen151
\Gm@layoutheight=\dimen152
\Gm@layouthoffset=\dimen153
\Gm@layoutvoffset=\dimen154
\Gm@dimlist=\toks20

(C:\Program Files\MiKTeX\tex/latex/geometry\geometry.cfg))
(C:\Program Files\MiKTeX\tex/latex/base\fleqn.clo
File: fleqn.clo 2016/12/29 v1.2b Standard LaTeX option (flush left equations)
\mathindent=\skip54
Applying: [2015/01/01] Make \[ robust on input line 50.
LaTeX Info: Redefining \[ on input line 51.
Already applied: [0000/00/00] Make \[ robust on input line 62.
Applying: [2015/01/01] Make \] robust on input line 74.
LaTeX Info: Redefining \] on input line 75.
Already applied: [0000/00/00] Make \] robust on input line 83.
)
\appnamewidth=\dimen155
)
(C:\Program Files\MiKTeX\tex/latex/amsfonts\amssymb.sty
Package: amssymb 2013/01/14 v3.01 AMS font symbols

(C:\Program Files\MiKTeX\tex/latex/amsfonts\amsfonts.sty
Package: amsfonts 2013/01/14 v3.01 Basic AMSFonts support
\@emptytoks=\toks21
\symAMSa=\mathgroup4
\symAMSb=\mathgroup5
LaTeX Font Info:    Redeclaring math symbol \hbar on input line 98.
LaTeX Font Info:    Overwriting math alphabet `\mathfrak' in version `bold'
(Font)                  U/euf/m/n --> U/euf/b/n on input line 106.
))
(C:\Program Files\MiKTeX\tex/latex/amsmath\amsmath.sty
Package: amsmath 2023/05/13 v2.17o AMS math features
\@mathmargin=\skip55

For additional information on amsmath, use the `?' option.
(C:\Program Files\MiKTeX\tex/latex/amsmath\amstext.sty
Package: amstext 2021/08/26 v2.01 AMS text

(C:\Program Files\MiKTeX\tex/latex/amsmath\amsgen.sty
File: amsgen.sty 1999/11/30 v2.0 generic functions
\@emptytoks=\toks22
\ex@=\dimen156
))
(C:\Program Files\MiKTeX\tex/latex/amsmath\amsbsy.sty
Package: amsbsy 1999/11/29 v1.2d Bold Symbols
\pmbraise@=\dimen157
)
(C:\Program Files\MiKTeX\tex/latex/amsmath\amsopn.sty
Package: amsopn 2022/04/08 v2.04 operator names
)
\inf@bad=\count273
LaTeX Info: Redefining \frac on input line 234.
\uproot@=\count274
\leftroot@=\count275
LaTeX Info: Redefining \overline on input line 399.
LaTeX Info: Redefining \colon on input line 410.
\classnum@=\count276
\DOTSCASE@=\count277
LaTeX Info: Redefining \ldots on input line 496.
LaTeX Info: Redefining \dots on input line 499.
LaTeX Info: Redefining \cdots on input line 620.
\Mathstrutbox@=\box58
\strutbox@=\box59
LaTeX Info: Redefining \big on input line 722.
LaTeX Info: Redefining \Big on input line 723.
LaTeX Info: Redefining \bigg on input line 724.
LaTeX Info: Redefining \Bigg on input line 725.
\big@size=\dimen158
LaTeX Font Info:    Redeclaring font encoding OML on input line 743.
LaTeX Font Info:    Redeclaring font encoding OMS on input line 744.
\macc@depth=\count278
LaTeX Info: Redefining \bmod on input line 905.
LaTeX Info: Redefining \pmod on input line 910.
LaTeX Info: Redefining \smash on input line 940.
LaTeX Info: Redefining \relbar on input line 970.
LaTeX Info: Redefining \Relbar on input line 971.
\c@MaxMatrixCols=\count279
\dotsspace@=\muskip16
\c@parentequation=\count280
\dspbrk@lvl=\count281
\tag@help=\toks23
\row@=\count282
\column@=\count283
\maxfields@=\count284
\andhelp@=\toks24
\eqnshift@=\dimen159
\alignsep@=\dimen160
\tagshift@=\dimen161
\tagwidth@=\dimen162
\totwidth@=\dimen163
\lineht@=\dimen164
\@envbody=\toks25
\multlinegap=\skip56
\multlinetaggap=\skip57
\mathdisplay@stack=\toks26
LaTeX Info: Redefining \[ on input line 2953.
LaTeX Info: Redefining \] on input line 2954.
)
(C:\Program Files\MiKTeX\tex/latex/url\url.sty
\Urlmuskip=\muskip17
Package: url 2013/09/16  ver 3.4  Verb mode for urls, etc.
)
(C:\Program Files\MiKTeX\tex/latex/multirow\multirow.sty
Package: multirow 2021/03/15 v2.8 Span multiple rows of a table
\multirow@colwidth=\skip58
\multirow@cntb=\count285
\multirow@dima=\skip59
\bigstrutjot=\dimen165
)
(C:\Program Files\MiKTeX\tex/latex/morefloats\morefloats.sty
Package: morefloats 2015/07/22 v1.0h Raise limit of unprocessed floats (HMM)

(C:\Program Files\MiKTeX\tex/latex/kvoptions\kvoptions.sty
Package: kvoptions 2022-06-15 v3.15 Key value format for package options (HO)

(C:\Program Files\MiKTeX\tex/generic/ltxcmds\ltxcmds.sty
Package: ltxcmds 2023-12-04 v1.26 LaTeX kernel commands for general use (HO)
)
(C:\Program Files\MiKTeX\tex/latex/kvsetkeys\kvsetkeys.sty
Package: kvsetkeys 2022-10-05 v1.19 Key value parser (HO)
))
Package morefloats Info: Maximum number of possible floats asked for: 36
(morefloats)             (i.e. 18 more floats).
(morefloats)             LaTeX might run out of memory before this
(morefloats)             (in which case it will notify you).
)
(C:\Program Files\MiKTeX\tex/latex/floatflt\floatflt.sty
Package: floatflt 1997/07/16 v. 1.31
\c@OptionTest=\count286
\figbox=\box60
\tabbox=\box61
\pagebox=\box62
\ffigcount=\count287
\ftabcount=\count288
\fftest=\count289
\hangcount=\count290
\nosuccesstryfig=\count291
\nosuccesstrytab=\count292
\figgutter=\dimen166
\tabgutter=\dimen167
\htdone=\dimen168
\pageht=\dimen169
\startpageht=\dimen170
\tabbredd=\dimen171
\floatfltwidth=\dimen172
\fltitemwidth=\dimen173
\outputpretest=\toks27
)
(C:\Program Files\MiKTeX\tex/latex/cancel\cancel.sty
Package: cancel 2013/04/12 v2.2 Cancel math terms
)
(C:\Program Files\MiKTeX\tex/latex/tfrupee\tfrupee.sty
Package: tfrupee 2010/12/15 LaTeX Support for the TechFat Rupee symbols by Tech
Fat (http://techfat.blogspot.com/2010/07/new-open-source-india-rupee-font.html)
. Adapted for use with TeX by Palle Jorgensen, hamselv(a)pallej.dk
)
(C:\Program Files\MiKTeX\tex/latex/tabulary\tabulary.sty
Package: tabulary 2014/06/11 v0.10 tabulary package (DPC)

(C:\Program Files\MiKTeX\tex/latex/tools\array.sty
Package: array 2023/10/16 v2.5g Tabular extension package (FMi)
\col@sep=\dimen174
\ar@mcellbox=\box63
\extrarowheight=\dimen175
\NC@list=\toks28
\extratabsurround=\skip60
\backup@length=\skip61
\ar@cellbox=\box64
)
\TY@count=\count293
\TY@linewidth=\dimen176
\tymin=\dimen177
\tymax=\dimen178
\TY@tablewidth=\dimen179
)
(C:\Program Files\MiKTeX\tex/latex/xcolor\xcolor.sty
Package: xcolor 2023/11/15 v3.01 LaTeX color extensions (UK)

(C:\Program Files\MiKTeX\tex/latex/graphics-cfg\color.cfg
File: color.cfg 2016/01/02 v1.6 sample color configuration
)
Package xcolor Info: Driver file: pdftex.def on input line 274.

(C:\Program Files\MiKTeX\tex/latex/graphics\mathcolor.ltx)
Package xcolor Info: Model `cmy' substituted by `cmy0' on input line 1350.
Package xcolor Info: Model `hsb' substituted by `rgb' on input line 1354.
Package xcolor Info: Model `RGB' extended on input line 1366.
Package xcolor Info: Model `HTML' substituted by `rgb' on input line 1368.
Package xcolor Info: Model `Hsb' substituted by `hsb' on input line 1369.
Package xcolor Info: Model `tHsb' substituted by `hsb' on input line 1370.
Package xcolor Info: Model `HSB' substituted by `hsb' on input line 1371.
Package xcolor Info: Model `Gray' substituted by `gray' on input line 1372.
Package xcolor Info: Model `wave' substituted by `hsb' on input line 1373.
)
(C:\Program Files\MiKTeX\tex/latex/base\fontenc.sty
Package: fontenc 2021/04/29 v2.0v Standard LaTeX package
)
(DrivergeneNet_for_identification_of_driver_nodes.aux)
\openout1 = `DrivergeneNet_for_identification_of_driver_nodes.aux'.

LaTeX Font Info:    Checking defaults for OML/cmm/m/it on input line 61.
LaTeX Font Info:    ... okay on input line 61.
LaTeX Font Info:    Checking defaults for OMS/cmsy/m/n on input line 61.
LaTeX Font Info:    ... okay on input line 61.
LaTeX Font Info:    Checking defaults for OT1/cmr/m/n on input line 61.
LaTeX Font Info:    ... okay on input line 61.
LaTeX Font Info:    Checking defaults for T1/cmr/m/n on input line 61.
LaTeX Font Info:    ... okay on input line 61.
LaTeX Font Info:    Checking defaults for TS1/cmr/m/n on input line 61.
LaTeX Font Info:    ... okay on input line 61.
LaTeX Font Info:    Checking defaults for OMX/cmex/m/n on input line 61.
LaTeX Font Info:    ... okay on input line 61.
LaTeX Font Info:    Checking defaults for U/cmr/m/n on input line 61.
LaTeX Font Info:    ... okay on input line 61.

(C:\Program Files\MiKTeX\tex/context/base/mkii\supp-pdf.mkii
[Loading MPS to PDF converter (version 2006.09.02).]
\scratchcounter=\count294
\scratchdimen=\dimen180
\scratchbox=\box65
\nofMPsegments=\count295
\nofMParguments=\count296
\everyMPshowfont=\toks29
\MPscratchCnt=\count297
\MPscratchDim=\dimen181
\MPnumerator=\count298
\makeMPintoPDFobject=\count299
\everyMPtoPDFconversion=\toks30
) (C:\Program Files\MiKTeX\tex/latex/epstopdf-pkg\epstopdf-base.sty
Package: epstopdf-base 2020-01-24 v2.11 Base part for package epstopdf

(C:\Program Files\MiKTeX\tex/generic/infwarerr\infwarerr.sty
Package: infwarerr 2019/12/03 v1.5 Providing info/warning/error messages (HO)
)
(C:\Program Files\MiKTeX\tex/latex/grfext\grfext.sty
Package: grfext 2019/12/03 v1.3 Manage graphics extensions (HO)

(C:\Program Files\MiKTeX\tex/generic/kvdefinekeys\kvdefinekeys.sty
Package: kvdefinekeys 2019-12-19 v1.6 Define keys (HO)
))
(C:\Program Files\MiKTeX\tex/generic/pdftexcmds\pdftexcmds.sty
Package: pdftexcmds 2020-06-27 v0.33 Utility functions of pdfTeX for LuaTeX (HO
)
Package pdftexcmds Info: \pdf@primitive is available.
Package pdftexcmds Info: \pdf@ifprimitive is available.
Package pdftexcmds Info: \pdfdraftmode found.
)
Package epstopdf-base Info: Redefining graphics rule for `.eps' on input line 4
85.
Package grfext Info: Graphics extension search list:
(grfext)             [.pdf,.png,.jpg,.mps,.jpeg,.jbig2,.jb2,.PDF,.PNG,.JPG,.JPE
G,.JBIG2,.JB2,.eps]
(grfext)             \AppendGraphicsExtensions on input line 504.

(C:\Program Files\MiKTeX\tex/latex/00miktex\epstopdf-sys.cfg
File: epstopdf-sys.cfg 2021/03/18 v2.0 Configuration of epstopdf for MiKTeX
))
*geometry* driver: auto-detecting
*geometry* detected driver: pdftex
*geometry* verbose mode - [ preamble ] result:
* driver: pdftex
* paper: custom
* layout: <same size as paper>
* layoutoffset:(h,v)=(0.0pt,0.0pt)
* hratio: 1:1
* vratio: 1:1
* modes: 
* h-part:(L,W,R)=(37.75394pt, 522.0pt, 37.75394pt)
* v-part:(T,H,B)=(81.52342pt, 682.0pt, 81.52342pt)
* \paperwidth=597.50787pt
* \paperheight=845.04684pt
* \textwidth=522.0pt
* \textheight=682.0pt
* \oddsidemargin=-34.51605pt
* \evensidemargin=-34.51605pt
* \topmargin=-52.74657pt
* \headheight=50.0pt
* \headsep=12.0pt
* \topskip=12.0pt
* \footskip=18.0pt
* \marginparwidth=44.0pt
* \marginparsep=10.0pt
* \columnsep=18.0pt
* \skip\footins=24.0pt plus 2.0pt minus 12.0pt
* \hoffset=0.0pt
* \voffset=0.0pt
* \mag=1000
* \@twocolumntrue
* \@twosidefalse
* \@mparswitchfalse
* \@reversemarginfalse
* (1in=72.27pt=25.4mm, 1cm=28.453pt)

LaTeX Font Info:    Trying to load font information for U+msa on input line 147
.
(C:\Program Files\MiKTeX\tex/latex/amsfonts\umsa.fd
File: umsa.fd 2013/01/14 v3.01 AMS symbols A
)
LaTeX Font Info:    Trying to load font information for U+msb on input line 147
.

(C:\Program Files\MiKTeX\tex/latex/amsfonts\umsb.fd
File: umsb.fd 2013/01/14 v3.01 AMS symbols B
)
LaTeX Font Info:    Trying to load font information for T1+cmtt on input line 1
47.

(C:\Program Files\MiKTeX\tex/latex/base\t1cmtt.fd
File: t1cmtt.fd 2023/04/13 v2.5m Standard LaTeX font definitions
)
Overfull \hbox (0.69383pt too wide) in paragraph at lines 158--163
\T1/cmr/m/n/12 of su-per-vised ma-chine learn-ing tech-nol-ogy to iden-
 []


Overfull \hbox (3.58292pt too wide) in paragraph at lines 158--163
\T1/cmr/m/n/12 lar-ity to known dis-ease genes [[], [], []]. Network-
 []


Overfull \hbox (0.95485pt too wide) in paragraph at lines 158--163
\T1/cmr/m/n/12 core cen-tral pro-cess-ing unit [[], []], en-abling more
 []


Overfull \hbox (1.05077pt too wide) in paragraph at lines 158--163
\T1/cmr/m/n/12 pu-ta-tional per-for-mance of Driver-gene.net for iden-
 []


Overfull \hbox (0.43283pt too wide) in paragraph at lines 158--163
\T1/cmr/m/n/12 net-works, the study per-formed an anal-y-sis of three
 []


Overfull \hbox (3.10863pt too wide) in paragraph at lines 158--163
\T1/cmr/m/n/12 ter-ac-tion net-work, and hu-man gene reg-u-la-tory net-
 []


Overfull \hbox (12.04945pt too wide) in paragraph at lines 158--163
\T1/cmr/m/n/12 not only an-ti-cancer drug tar-get genes from biomolec-
 []

[1{C:/Users/Admin/AppData/Local/MiKTeX/fonts/map/pdftex/pdftex.map}


] [2]
Overfull \hbox (17.75763pt too wide) in paragraph at lines 166--169
\T1/cmr/m/n/12 way database Bio-Carta (http://www.biocarta.com/).
 []


Overfull \hbox (3.36963pt too wide) in paragraph at lines 166--169
\T1/cmr/m/n/12 The sec-ond net-work is a large-scale hu-man protein-
 []


Overfull \hbox (1.08548pt too wide) in paragraph at lines 166--169
\T1/cmr/m/n/12 The net-work con-tains 7533 nodes and 22052 edges,
 []


Overfull \hbox (12.37576pt too wide) in paragraph at lines 166--169
\T1/cmr/m/n/12 in-te-grat-ing the reg-u-la-tory in-ter-ac-tions be-tween tran-
 []

[3]
<images/fig1.png, id=22, 539.1342pt x 237.2865pt>
File: images/fig1.png Graphic file (type png)
<use images/fig1.png>
Package pdftex.def Info: images/fig1.png  used on input line 172.
(pdftex.def)             Requested size: 512.17459pt x 225.42088pt.

Overfull \hbox (0.62868pt too wide) in paragraph at lines 177--178
\T1/cmr/m/n/12 are of-ten an-ti-cancer drug tar-get genes in biomolec-
 []


Overfull \hbox (1.27292pt too wide) in paragraph at lines 183--239
\T1/cmr/m/it/12 result[$\OML/cmm/m/it/12 $\T1/cmr/m/it/12 ]\T1/cmr/m/n/12 = \T
1/cmr/m/it/12 To-tal-Sup-port\T1/cmr/m/n/12 ; //To-tal sup-port of nodes
 []


Overfull \hbox (21.97118pt too wide) in paragraph at lines 183--239
\T1/cmr/bx/n/12 function \T1/cmr/m/it/12 [driver nodes] ParFind-DriverN-ode(G(V
,E)) 
 []

[4] [5 <./images/fig1.png>]
Overfull \hbox (0.29814pt too wide) in paragraph at lines 242--243
[]\T1/cmr/m/n/12 Drivergene.net is de-vel-oped in a Java pro-gram-
 []


Overfull \hbox (12.86314pt too wide) in paragraph at lines 245--246
[]\T1/cmr/m/n/12 To test the com-pu-ta-tional per-for-mance of Driver-
 []


Overfull \hbox (4.34851pt too wide) in paragraph at lines 245--246
\T1/cmr/m/n/12 study con-ducted ex-per-i-ments on five net-works with
 []


Overfull \hbox (0.91508pt too wide) in paragraph at lines 338--338
[]|\T1/cmr/m/n/12 21909|  
 []


Overfull \hbox (0.91508pt too wide) in paragraph at lines 338--338
[]|\T1/cmr/m/n/12 21909|  
 []


Overfull \hbox (0.4634pt too wide) in paragraph at lines 275--341
[]\T1/cmr/m/n/12 The study ver-i-fied the abil-ity of Driver-gene.net
 []


Overfull \hbox (4.01794pt too wide) in paragraph at lines 275--341
\T1/cmr/m/n/12 scale biomolec-u-lar net-works: Hu-man sig-nal-ing net-
 []


Overfull \hbox (3.06952pt too wide) in paragraph at lines 275--341
\T1/cmr/bx/n/12 Assessing an-ti-cancer drug tar-get genes iden-
 []


Overfull \hbox (1.41714pt too wide) in paragraph at lines 275--341
\T1/cmr/bx/n/12 ti-fied from a di-rected biomolec-u-lar net-work.
 []


Overfull \hbox (18.61945pt too wide) in paragraph at lines 275--341
\T1/cmr/m/n/12 ere le-sions, and hep-a-to-cel-lu-lar car-ci-noma [[]]. mRNA
 []


Overfull \hbox (10.43948pt too wide) in paragraph at lines 275--341
\T1/cmr/m/n/12 con-trols in many hema-to-log-i-cal ma-lig-nan-cies. These
 []


Overfull \hbox (7.54642pt too wide) in paragraph at lines 275--341
\T1/cmr/m/n/12 mor sup-pres-sor that sup-presses the growth of hema-
 []


Overfull \hbox (3.06952pt too wide) in paragraph at lines 275--341
\T1/cmr/bx/n/12 Assessing an-ti-cancer drug tar-get genes iden-
 []


Overfull \hbox (7.41174pt too wide) in paragraph at lines 275--341
\T1/cmr/m/n/12 gene.net for Hu-man protein-protein in-ter-ac-tion net-
 []


Overfull \hbox (1.28131pt too wide) in paragraph at lines 275--341
\T1/cmr/m/n/12 drug tar-get genes of a hu-man undi-rected biomolec-
 []


Overfull \hbox (3.06952pt too wide) in paragraph at lines 275--341
\T1/cmr/bx/n/12 Assessing an-ti-cancer drug tar-get genes iden-
 []


Overfull \hbox (5.2622pt too wide) in paragraph at lines 275--341
\T1/cmr/m/n/12 biomolec-u-lar net-works and proved that these driver
 []

[6] [7]
Overfull \hbox (0.5633pt too wide) in paragraph at lines 343--345
\T1/cmr/m/n/12 nodes) with those of five pre-vi-ous meth-ods: Tran's
 []


Overfull \hbox (12.72377pt too wide) in paragraph at lines 343--345
\T1/cmr/m/n/12 [[]]. These pre-dic-tions were ob-tained us-ing network-
 []


Overfull \hbox (8.38736pt too wide) in paragraph at lines 343--345
\T1/cmr/m/n/12 dif-fer-ent. The shared genes in-cluded \T1/cmr/m/it/12 EGFR, GR
B2,
 []


Overfull \hbox (4.5515pt too wide) in paragraph at lines 343--345
\T1/cmr/m/it/12 GAB2, STAT3, HIF1A, TRAF2, TP53, MYC \T1/cmr/m/n/12 and
 []

[8] [9]
<images/fig2.png, id=49, 560.8152pt x 415.5525pt>
File: images/fig2.png Graphic file (type png)
<use images/fig2.png>
Package pdftex.def Info: images/fig2.png  used on input line 348.
(pdftex.def)             Requested size: 532.77142pt x 394.77263pt.

Overfull \hbox (10.77142pt too wide) in paragraph at lines 348--349
 [][] 
 []


Overfull \hbox (5.64943pt too wide) in paragraph at lines 353--355
\T1/cmr/m/n/12 www.bioinformatics.psb.ugent.be/webtools/Venn/ 
 []


Overfull \hbox (6.56737pt too wide) in paragraph at lines 357--359
\T1/cmr/m/n/12 model's al-go-rithm and de-vel-oped a Cy-toscape plug-
 []


Underfull \hbox (badness 10000) in paragraph at lines 357--359

 []

[10] [11 <./images/fig2.png>]
Overfull \hbox (11.63225pt too wide) in paragraph at lines 364--366
[]\T1/cmr/bx/n/12 Authorship con-tri-bu-tion state-ment\T1/cmr/m/n/12 . D.T.P.
 []


Overfull \hbox (17.27036pt too wide) in paragraph at lines 364--366
\T1/cmr/m/n/12 ware, drafted the manuscript, re-vised the manuscript.
 []


Overfull \hbox (3.72647pt too wide) in paragraph at lines 364--366
\T1/cmr/m/n/12 T.D.T. helped con-ceived the study, wrote the pseu-
 []


Underfull \hbox (badness 10000) in paragraph at lines 364--366

 []


Underfull \hbox (badness 10000) in paragraph at lines 367--369

 []


Overfull \hbox (4.93259pt too wide) in paragraph at lines 370--372
[]\T1/cmr/bx/n/12 Acknowledgments\T1/cmr/m/n/12 . This re-search was funded
 []


Underfull \hbox (badness 10000) in paragraph at lines 370--372

 []


Underfull \hbox (badness 3568) in paragraph at lines 378--379
\T1/cmr/m/n/10 trol-la-bil-ity of com-plex net-works," Na-ture, vol.
 []


Underfull \hbox (badness 2744) in paragraph at lines 378--379
\T1/cmr/m/n/10 473, no. 7346, pp. 167-173, 2011/05/01 2011.
 []


Underfull \hbox (badness 4954) in paragraph at lines 382--383
[]\T1/cmr/m/n/10 T. Ne-pusz and T. Vic-sek, "Con-trol-ling edge
 []


Underfull \hbox (badness 10000) in paragraph at lines 382--383
\T1/cmr/m/n/10 dy-nam-ics in com-plex net-works," Na-ture
 []


Underfull \hbox (badness 6944) in paragraph at lines 382--383
\T1/cmr/m/n/10 Physics, vol. 8, no. 7, pp. 568-573, 2012.
 []

[12]
Underfull \hbox (badness 2293) in paragraph at lines 392--393
[]\T1/cmr/m/n/10 S. J. Male-bary and Y. D. Khan, "Eval-u-at-ing
 []


Underfull \hbox (badness 1259) in paragraph at lines 392--393
\T1/cmr/m/n/10 ma-chine learn-ing method-olo-gies for iden-ti-fi-ca-tion
 []


Underfull \hbox (badness 1515) in paragraph at lines 392--393
\T1/cmr/m/n/10 of can-cer driver genes," (in eng), Sci-en-tific re-
 []


Underfull \hbox (badness 2635) in paragraph at lines 392--393
\T1/cmr/m/n/10 ports, vol. 11, no. 1, pp. 12281-12281, 2021.
 []


Underfull \hbox (badness 10000) in paragraph at lines 398--399
[]\T1/cmr/m/n/10 D. Tam-borero, A. Gonzalez-Perez, and N.
 []


Underfull \hbox (badness 6252) in paragraph at lines 398--399
\T1/cmr/m/n/10 Lopez-Bigas, "On-co-driveCLUST: ex-ploit-ing the
 []


Underfull \hbox (badness 7468) in paragraph at lines 398--399
\T1/cmr/m/n/10 po-si-tional clus-ter-ing of so-matic mu-ta-tions to
 []


Underfull \hbox (badness 5036) in paragraph at lines 398--399
\T1/cmr/m/n/10 iden-tify can-cer genes," (in eng), Bioin-for-mat-
 []


Underfull \hbox (badness 1237) in paragraph at lines 400--401
\T1/cmr/m/n/10 and anal-y-sis plat-form for onco-genic driver vari-
 []


Underfull \hbox (badness 4217) in paragraph at lines 400--401
\T1/cmr/m/n/10 ants in can-cers," (in eng), Nu-cleic acids re-
 []


Underfull \hbox (badness 5802) in paragraph at lines 404--405
[]\T1/cmr/m/n/10 A. M. Sch-noes, S. D. Brown, I. Do-de-vski,
 []


Underfull \hbox (badness 1796) in paragraph at lines 404--405
\T1/cmr/m/n/10 and P. C. Bab-bitt, "An-no-ta-tion er-ror in pub-
 []


Underfull \hbox (badness 1194) in paragraph at lines 404--405
\T1/cmr/m/n/10 in en-zyme su-per-fam-i-lies," (in eng), PLoS Com-
 []


Underfull \hbox (badness 3492) in paragraph at lines 410--411
\T1/cmr/m/n/10 sig-nal-ing net-work," Com-pu-ta-tional Bi-ol-ogy and
 []


Overfull \hbox (1.39645pt too wide) in paragraph at lines 410--411
\T1/cmr/m/n/10 https://doi.org/10.1016/j.compbiolchem.2014.08.023. 
 []


Underfull \hbox (badness 3439) in paragraph at lines 412--413
[]\T1/cmr/m/n/10 S. Erten, G. Be-bek, R. M. Ew-ing, and M.
 []


Underfull \hbox (badness 2042) in paragraph at lines 412--413
\T1/cmr/m/n/10 Network-Based Dis-ease Gene Pri-or-i-ti-za-tion," (in
 []


Underfull \hbox (badness 2401) in paragraph at lines 414--415
[]\T1/cmr/m/n/10 A. Got-tlieb, O. Mag-ger, I. Berman, E. Rup-
 []


Underfull \hbox (badness 10000) in paragraph at lines 414--415
\T1/cmr/m/n/10 pin, and R. Sha-ran, "PRIN-CI-PLE: a tool
 []


Underfull \hbox (badness 10000) in paragraph at lines 414--415
\T1/cmr/m/n/10 for as-so-ci-at-ing genes with dis-eases via net-
 []


Underfull \hbox (badness 10000) in paragraph at lines 414--415
\T1/cmr/m/n/10 work prop-a-ga-tion," (in eng), Bioin-for-mat-
 []


Underfull \hbox (badness 1708) in paragraph at lines 414--415
\T1/cmr/m/n/10 ics, vol. 27, no. 23, pp. 3325-6, Dec 1 2011.
 []


Underfull \hbox (badness 5832) in paragraph at lines 420--421
[]\T1/cmr/m/n/10 T. Op-sahl, F. Ag-neessens, and J. Skvoretz,
 []


Underfull \hbox (badness 1259) in paragraph at lines 420--421
\T1/cmr/m/n/10 vol. 32, no. 3, pp. 245-251, 2010/07/01/ 2010.
 []


Underfull \hbox (badness 4454) in paragraph at lines 422--423
\T1/cmr/m/n/10 ica A: Sta-tis-ti-cal Me-chan-ics and its Ap-pli-ca-
 []


Underfull \hbox (badness 1173) in paragraph at lines 422--423
\T1/cmr/m/n/10 tions, vol. 474, pp. 134-143, 2017/05/15/ 2017.
 []


Underfull \hbox (badness 1902) in paragraph at lines 424--425
\T1/cmr/m/n/10 based prop-er-ties re-veal can-cer sur-viv-abil-ity and
 []


Underfull \hbox (badness 1253) in paragraph at lines 426--427
[]\T1/cmr/m/n/10 D. Bre-itkreutz, L. Hlatky, E. Ri-et-man, and J.
 []


Underfull \hbox (badness 1158) in paragraph at lines 426--427
\T1/cmr/m/n/10 plex-ity is cor-re-lated with can-cer pa-tient sur-viv-
 []


Underfull \hbox (badness 3635) in paragraph at lines 426--427
\T1/cmr/m/n/10 abil-ity," Pro-ceed-ings of the Na-tional Academy
 []


Underfull \hbox (badness 2547) in paragraph at lines 426--427
\T1/cmr/m/n/10 of Sci-ences, vol. 109, no. 23, p. 9209, 2012.
 []


Underfull \hbox (badness 1253) in paragraph at lines 430--431
[]\T1/cmr/m/n/10 D. H. Le and Y. K. Kwon, "Neighbor-favoring
 []


Underfull \hbox (badness 10000) in paragraph at lines 430--431
\T1/cmr/m/n/10 weight re-in-force-ment to im-prove ran-dom
 []


Underfull \hbox (badness 10000) in paragraph at lines 430--431
\T1/cmr/m/n/10 walk-based dis-ease gene pri-or-i-ti-za-tion," Com-
 []


Underfull \hbox (badness 3058) in paragraph at lines 430--431
\T1/cmr/m/n/10 put Biol Chem, vol. 44, pp. 1-8, Jun 2013.
 []


Overfull \hbox (11.06076pt too wide) in paragraph at lines 430--431
\T1/cmr/m/n/10 http://dx.doi.org/10.1016/j.compbiolchem.2013.01.001. 
 []


Underfull \hbox (badness 4060) in paragraph at lines 434--435
[]\T1/cmr/m/n/10 C.-D. Truong, T.-D. Tran, and Y.-K. Kwon,
 []


Underfull \hbox (badness 3009) in paragraph at lines 434--435
\T1/cmr/m/n/10 scale bi-o-log-i-cal net-works," BMC Sys-tems Bi-ol-
 []


Underfull \hbox (badness 1675) in paragraph at lines 434--435
\T1/cmr/m/n/10 ogy, vol. 10, no. 4, p. 122, 2016/12/23 2016.
 []

[13]
Underfull \hbox (badness 1454) in paragraph at lines 440--441
[]\T1/cmr/m/n/10 Y. Y. Lu et al., "Tran-scrip-tional pro-fil-ing and
 []


Underfull \hbox (badness 4608) in paragraph at lines 440--441
\T1/cmr/m/n/10 co-expression net-work anal-y-sis iden-ti-fies po-ten-
 []


Underfull \hbox (badness 4001) in paragraph at lines 440--441
\T1/cmr/m/n/10 tial biomark-ers to dif-fer-en-ti-ate chronic hep-ati-
 []


Underfull \hbox (badness 1308) in paragraph at lines 440--441
\T1/cmr/m/n/10 tis B and the caused cir-rho-sis," (in eng), Mol
 []


Underfull \hbox (badness 1603) in paragraph at lines 444--445
\T1/cmr/m/n/10 A Cy-toscape app for the iden-ti-fi-ca-tion of can-
 []


Underfull \hbox (badness 5519) in paragraph at lines 444--445
\T1/cmr/m/n/10 u-lar net-works," Biosys-tems, p. 104887, 2023.
 []


Underfull \hbox (badness 2035) in paragraph at lines 452--453
[]\T1/cmr/m/n/10 P. Kong, G. Huang, and W. Liu, "Iden-ti-fi-ca-
 []


Underfull \hbox (badness 2134) in paragraph at lines 452--453
\T1/cmr/m/n/10 tion of pro-tein com-plexes and func-tional mod-
 []


Underfull \hbox (badness 1072) in paragraph at lines 452--453
\T1/cmr/m/n/10 ules in E. coli PPI net-works," BMC Mi-cro-bi-ol-
 []


Underfull \hbox (badness 1675) in paragraph at lines 452--453
\T1/cmr/m/n/10 ogy, vol. 20, no. 1, p. 243, 2020/08/06 2020.
 []


Underfull \hbox (badness 2050) in paragraph at lines 458--459
\T1/cmr/m/n/10 PLOS ONE, vol. 9, no. 7, p. e103010, 2014.
 []


Underfull \hbox (badness 2503) in paragraph at lines 464--465
[]\T1/cmr/m/n/10 C. L. Wil-son et al., "NF-$\OML/cmm/m/it/10 ^^T$\T1/cmr/m/n/10
 B is a sup-pres-sor
 []


Underfull \hbox (badness 1577) in paragraph at lines 468--469
[]\T1/cmr/m/n/10 L. A. O'Reilly et al., "Loss of NF-$\OML/cmm/m/it/10 ^^T$\T1/c
mr/m/n/10 B Causes
 []


Underfull \hbox (badness 1087) in paragraph at lines 468--469
\T1/cmr/m/n/10 Ex-pres-sion of Im-mune Check-point Reg-u-la-tors in
 []


Underfull \hbox (badness 1226) in paragraph at lines 468--469
\T1/cmr/m/n/10 a STAT-1-Dependent Man-ner," (in eng), Im-mu-
 []


Underfull \hbox (badness 3000) in paragraph at lines 472--473
[]\T1/cmr/m/n/10 A. Sac-cani et al., "p50 nu-clear factor-kappaB
 []


Underfull \hbox (badness 5345) in paragraph at lines 472--473
\T1/cmr/m/n/10 over-ex-pres-sion in tumor-associated macrophages
 []


Underfull \hbox (badness 10000) in paragraph at lines 472--473
\T1/cmr/m/n/10 in-hibits M1 in-flam-ma-tory re-sponses and an-
 []


Underfull \hbox (badness 10000) in paragraph at lines 472--473
\T1/cmr/m/n/10 ti-tu-mor re-sis-tance," (in eng), Can-cer Res,
 []


Underfull \hbox (badness 4072) in paragraph at lines 472--473
\T1/cmr/m/n/10 vol. 66, no. 23, pp. 11432-40, Dec 1 2006.
 []


Underfull \hbox (badness 1472) in paragraph at lines 474--475
[]\T1/cmr/m/n/10 C. Porta et al., "Pro-tu-mor Steer-ing of Can-cer
 []


Underfull \hbox (badness 1735) in paragraph at lines 474--475
\T1/cmr/m/n/10 In-flam-ma-tion by p50 NF-$\OML/cmm/m/it/10 ^^T$\T1/cmr/m/n/10 B
 En-hances Col-orec-
 []


Underfull \hbox (badness 2512) in paragraph at lines 474--475
\T1/cmr/m/n/10 tal Can-cer Pro-gres-sion," (in eng), Can-cer Im-
 []


Underfull \hbox (badness 3884) in paragraph at lines 476--477
[]\T1/cmr/m/n/10 T. Hamzehloie, M. Mo-jar-rad, M. Hasan-zadeh
 []

[14]
Underfull \hbox (badness 1622) in paragraph at lines 486--487
\T1/cmr/m/n/10 creased pp60c-src ty-ro-syl ki-nase ac-tiv-ity in hu-
 []


Underfull \hbox (badness 3291) in paragraph at lines 486--487
\T1/cmr/m/n/10 man neu-rob-las-tomas is as-so-ci-ated with amino-
 []


Underfull \hbox (badness 2538) in paragraph at lines 486--487
\T1/cmr/m/n/10 prod-uct," (in eng), Proc Natl Acad Sci U S
 []


Underfull \hbox (badness 5064) in paragraph at lines 486--487
\T1/cmr/m/n/10 A, vol. 82, no. 21, pp. 7275-9, Nov 1985.
 []


Underfull \hbox (badness 1057) in paragraph at lines 488--489
[]\T1/cmr/m/n/10 A. N. Shah and G. E. Gal-lick, "Src, chemore-
 []


Underfull \hbox (badness 4205) in paragraph at lines 488--489
\T1/cmr/m/n/10 sis-tance and ep-ithe-lial to mes-enchy-mal tran-si-
 []


Underfull \hbox (badness 2096) in paragraph at lines 488--489
\T1/cmr/m/n/10 tion: are they re-lated?," (in eng), An-ti-cancer
 []


Underfull \hbox (badness 2865) in paragraph at lines 488--489
\T1/cmr/m/n/10 Drugs, vol. 18, no. 4, pp. 371-5, Apr 2007.
 []


Underfull \hbox (badness 1348) in paragraph at lines 490--491
\T1/cmr/m/n/10 c-itabine chemosen-si-tiv-ity," (in eng), J Am Coll
 []


Underfull \hbox (badness 3209) in paragraph at lines 490--491
\T1/cmr/m/n/10 Surg, vol. 198, no. 6, pp. 953-9, Jun 2004.
 []


Underfull \hbox (badness 1308) in paragraph at lines 504--505
[]\T1/cmr/m/n/10 M. P. Lutz et al., "Over-ex-pres-sion and ac-ti-va-
 []


Underfull \hbox (badness 1005) in paragraph at lines 510--511
\T1/cmr/m/n/10 tial syn-thetic lethal genes to p53 us-ing a com-
 []


Underfull \hbox (badness 1043) in paragraph at lines 510--511
\T1/cmr/m/n/10 nomics, vol. 6, no. 1, p. 30, 2013/09/11 2013.
 []


Underfull \hbox (badness 1221) in paragraph at lines 514--515
\T1/cmr/m/n/10 struc-tion and Drug Tar-get Pre-dic-tion Based on
 []


Underfull \hbox (badness 10000) in paragraph at lines 518--519
[]\T1/cmr/m/n/10 A. M. Carter et al., Phosphoprotein-based
 []


Underfull \hbox (badness 10000) in paragraph at lines 518--519
\T1/cmr/m/n/10 biomark-ers as pre-dic-tors for can-cer ther-apy,
 []


Underfull \hbox (badness 4229) in paragraph at lines 518--519
\T1/cmr/m/n/10 Pro-ceed-ings of the Na-tional Academy of Sci-
 []


Underfull \hbox (badness 1077) in paragraph at lines 518--519
\T1/cmr/m/n/10 ences, vol. 117, no. 31, pp. 18401-18411, 2020.
 []

[15] (DrivergeneNet_for_identification_of_driver_nodes.aux)
 ***********
LaTeX2e <2023-11-01> patch level 1
L3 programming layer <2024-01-04>
 ***********
 ) 
Here is how much of TeX's memory you used:
 6283 strings out of 474485
 92160 string characters out of 5753550
 1964542 words of memory out of 5000000
 28450 multiletter control sequences out of 15000+600000
 572163 words of font info for 73 fonts, out of 8000000 for 9000
 1141 hyphenation exceptions out of 8191
 72i,12n,79p,3611b,464s stack positions out of 10000i,1000n,20000p,200000b,200000s
 <C:\Users\Admin\AppData\Local\MiKTeX\fonts/pk/ljfour/jknappen/ec/dpi600\ectt
1000.pk> <C:\Users\Admin\AppData\Local\MiKTeX\fonts/pk/ljfour/jknappen/ec/dpi60
0\ecrm1000.pk> <C:\Users\Admin\AppData\Local\MiKTeX\fonts/pk/ljfour/jknappen/ec
/dpi600\ecti1200.pk> <C:\Users\Admin\AppData\Local\MiKTeX\fonts/pk/ljfour/jknap
pen/ec/dpi600\ecbx1200.pk> <C:\Users\Admin\AppData\Local\MiKTeX\fonts/pk/ljfour
/jknappen/ec/dpi600\ecti1000.pk> <C:\Users\Admin\AppData\Local\MiKTeX\fonts/pk/
ljfour/jknappen/ec/dpi600\ecti0700.pk> <C:\Users\Admin\AppData\Local\MiKTeX\fon
ts/pk/ljfour/jknappen/ec/dpi600\ecrm0800.pk> <C:\Users\Admin\AppData\Local\MiKT
eX\fonts/pk/ljfour/jknappen/ec/dpi600\ecrm1200.pk> <C:\Users\Admin\AppData\Loca
l\MiKTeX\fonts/pk/ljfour/jknappen/ec/dpi600\ecbx1728.pk><C:/Program Files/MiKTe
X/fonts/type1/public/amsfonts/cm/cmmi10.pfb><C:/Program Files/MiKTeX/fonts/type
1/public/amsfonts/cm/cmmi12.pfb><C:/Program Files/MiKTeX/fonts/type1/public/ams
fonts/cm/cmmi8.pfb><C:/Program Files/MiKTeX/fonts/type1/public/amsfonts/cm/cmr1
2.pfb><C:/Program Files/MiKTeX/fonts/type1/public/amsfonts/cm/cmr8.pfb><C:/Prog
ram Files/MiKTeX/fonts/type1/public/amsfonts/cm/cmsy10.pfb><C:/Program Files/Mi
KTeX/fonts/type1/public/amsfonts/cm/cmsy7.pfb><C:/Program Files/MiKTeX/fonts/ty
pe1/public/amsfonts/cm/cmsy8.pfb>
Output written on DrivergeneNet_for_identification_of_driver_nodes.pdf (15 page
s, 1855386 bytes).
PDF statistics:
 496 PDF objects out of 1000 (max. 8388607)
 0 named destinations out of 1000 (max. 500000)
 11 words of extra memory for PDF output out of 10000 (max. 10000000)

